TN:
SF:src/CommitmentVault.sol
DA:95,6
FN:95,CommitmentVault.validCommitment
FNDA:6,CommitmentVault.validCommitment
DA:96,6
BRDA:96,0,0,1
DA:97,1
DA:102,28
FN:102,CommitmentVault.onlyCreator
FNDA:28,CommitmentVault.onlyCreator
DA:103,28
BRDA:103,1,0,1
DA:104,1
DA:109,12
FN:109,CommitmentVault.onlyValidator
FNDA:12,CommitmentVault.onlyValidator
DA:110,12
BRDA:110,2,0,1
DA:111,1
DA:116,27
FN:116,CommitmentVault.inStatus
FNDA:27,CommitmentVault.inStatus
DA:117,27
BRDA:117,3,0,1
DA:118,1
DA:131,44
FN:131,CommitmentVault.createCommitmentETH
FNDA:44,CommitmentVault.createCommitmentETH
DA:137,44
BRDA:137,4,0,2
DA:138,2
DA:140,42
BRDA:140,5,0,1
DA:141,1
DA:143,41
BRDA:143,6,0,1
DA:144,1
DA:146,40
BRDA:146,7,0,2
DA:147,2
DA:150,38
DA:152,38
DA:166,38
DA:167,38
DA:169,38
DA:189,16
FN:189,CommitmentVault.createCommitmentToken
FNDA:16,CommitmentVault.createCommitmentToken
DA:197,16
BRDA:197,8,0,2
DA:198,2
DA:200,14
BRDA:200,9,0,1
DA:201,1
DA:203,13
BRDA:203,10,0,1
DA:204,1
DA:206,12
BRDA:206,11,0,1
DA:207,1
DA:209,11
BRDA:209,12,0,1
DA:210,1
DA:214,10
DA:215,10
BRDA:215,13,0,1
DA:216,1
DA:219,9
DA:221,9
DA:235,9
DA:236,9
DA:238,9
DA:252,30
FN:252,CommitmentVault.confirmCompletion
FNDA:30,CommitmentVault.confirmCompletion
DA:258,26
DA:260,26
BRDA:260,14,0,1
DA:261,1
DA:264,25
DA:265,25
DA:266,25
DA:268,25
DA:273,13
FN:273,CommitmentVault.approve
FNDA:13,CommitmentVault.approve
DA:279,9
DA:281,9
BRDA:281,15,0,1
DA:282,1
DA:285,8
DA:286,8
DA:288,8
DA:290,7
DA:295,7
FN:295,CommitmentVault.reject
FNDA:7,CommitmentVault.reject
DA:301,5
DA:303,5
BRDA:303,16,0,1
DA:304,1
DA:307,4
DA:308,4
DA:310,4
DA:312,3
DA:318,10
FN:318,CommitmentVault.resolveExpired
FNDA:10,CommitmentVault.resolveExpired
DA:322,9
DA:324,9
BRDA:324,17,0,1
DA:325,1
DA:328,8
DA:331,8
BRDA:331,18,0,4
BRDA:331,18,1,4
DA:332,4
DA:335,4
BRDA:335,19,0,2
DA:336,2
DA:339,8
BRDA:339,20,0,2
DA:340,2
DA:343,6
DA:344,6
DA:346,6
DA:348,5
DA:356,12
FN:356,CommitmentVault.getCommitment
FNDA:12,CommitmentVault.getCommitment
DA:362,10
DA:368,2
FN:368,CommitmentVault.getUserCommitments
FNDA:2,CommitmentVault.getUserCommitments
DA:369,2
DA:375,2
FN:375,CommitmentVault.getValidatorCommitments
FNDA:2,CommitmentVault.getValidatorCommitments
DA:376,2
DA:383,6
FN:383,CommitmentVault.canResolveExpired
FNDA:6,CommitmentVault.canResolveExpired
DA:389,5
DA:391,5
BRDA:391,21,0,1
DA:392,1
DA:395,4
BRDA:395,22,0,1
DA:396,1
DA:399,3
BRDA:399,23,0,1
DA:400,1
DA:403,2
DA:409,18
FN:409,CommitmentVault._transferFunds
FNDA:18,CommitmentVault._transferFunds
DA:410,18
BRDA:410,24,0,14
BRDA:410,24,1,4
DA:411,14
DA:412,14
BRDA:412,25,0,3
DA:413,3
DA:416,4
DA:417,4
BRDA:417,26,0,-
DA:418,0
FNF:15
FNH:15
LF:107
LH:106
BRF:29
BRH:28
end_of_record
TN:
SF:src/MockUSDC.sol
DA:25,4
FN:25,MockUSDC.faucet
FNDA:4,MockUSDC.faucet
DA:26,4
BRDA:26,0,0,1
DA:27,1
DA:30,3
DA:31,3
DA:35,64
FN:35,MockUSDC.mint
FNDA:64,MockUSDC.mint
DA:36,64
DA:39,63
FN:39,MockUSDC.approve
FNDA:63,MockUSDC.approve
DA:40,63
DA:41,63
DA:42,63
DA:45,5
FN:45,MockUSDC.transfer
FNDA:5,MockUSDC.transfer
DA:46,5
DA:49,11
FN:49,MockUSDC.transferFrom
FNDA:11,MockUSDC.transferFrom
DA:50,11
DA:51,11
BRDA:51,1,0,1
DA:52,1
DA:54,11
DA:57,16
FN:57,MockUSDC._transfer
FNDA:16,MockUSDC._transfer
DA:58,16
DA:59,16
DA:60,16
DA:61,16
DA:64,67
FN:64,MockUSDC._mint
FNDA:67,MockUSDC._mint
DA:65,67
DA:66,67
DA:67,67
FNF:7
FNH:7
LF:27
LH:27
BRF:2
BRH:2
end_of_record
TN:
SF:test/CommitmentVault.t.sol
DA:940,3
FN:940,RejectETH.receive
FNDA:3,RejectETH.receive
DA:941,3
DA:944,0
FN:944,RejectETH.fallback
FNDA:0,RejectETH.fallback
DA:945,0
DA:954,1
FN:954,FailingToken.mint
FNDA:1,FailingToken.mint
DA:955,1
DA:958,1
FN:958,FailingToken.approve
FNDA:1,FailingToken.approve
DA:959,1
DA:960,1
DA:963,0
FN:963,FailingToken.transfer
FNDA:0,FailingToken.transfer
DA:964,0
DA:967,1
FN:967,FailingToken.transferFrom
FNDA:1,FailingToken.transferFrom
DA:968,1
FNF:6
FNH:4
LF:13
LH:9
BRF:0
BRH:0
end_of_record
